<?xml version="1.0" encoding="UTF-8"?>
<testng-results ignored="0" total="1" passed="1" failed="0" skipped="0">
  <reporter-output>
  </reporter-output>
  <suite started-at="2025-10-19T23:05:59 IST" name="Default suite" finished-at="2025-10-19T23:06:09 IST" duration-ms="9633">
    <groups>
    </groups>
    <test started-at="2025-10-19T23:05:59 IST" name="Default test" finished-at="2025-10-19T23:06:09 IST" duration-ms="9633">
      <class name="post">
        <test-method signature="post()[pri:0, instance:post@6069db50]" started-at="2025-10-19T23:05:59 IST" name="post" finished-at="2025-10-19T23:06:09 IST" duration-ms="9429" status="PASS">
          <reporter-output>
          </reporter-output>
        </test-method> <!-- post -->
      </class> <!-- post -->
    </test> <!-- Default test -->
  </suite> <!-- Default suite -->
</testng-results>
